#
# There is insufficient memory for the Java Runtime Environment to continue.
# Native memory allocation (mmap) failed to map 100663296 bytes for G1 virtual space
# Possible reasons:
#   The system is out of physical RAM or swap space
#   The process is running with CompressedOops enabled, and the Java Heap may be blocking the growth of the native heap
# Possible solutions:
#   Reduce memory load on the system
#   Increase physical memory or swap space
#   Check if swap backing store is full
#   Decrease Java heap size (-Xmx/-Xms)
#   Decrease number of Java threads
#   Decrease Java thread stack sizes (-Xss)
#   Set larger code cache with -XX:ReservedCodeCacheSize=
#   JVM is running with Unscaled Compressed Oops mode in which the Java heap is
#     placed in the first 4GB address space. The Java Heap base address is the
#     maximum limit for the native heap growth. Please use -XX:HeapBaseMinAddress
#     to set the Java Heap base and to place the Java Heap above 4GB virtual address.
# This output file may be truncated or incomplete.
#
#  Out of Memory Error (./open/src/hotspot/os/windows/os_windows.cpp:3472), pid=63792, tid=63028
#
# JRE version:  (15.0.1+9) (build )
# Java VM: Java HotSpot(TM) 64-Bit Server VM (15.0.1+9-18, mixed mode, sharing, tiered, compressed oops, g1 gc, windows-amd64)
# No core dump will be written. Minidumps are not enabled by default on client versions of Windows
#

---------------  S U M M A R Y ------------

Command Line: C:\Users\danii\OneDrive\Dokument\NetBeansProjects\com.mycompany_POS_jar_1.0-SNAPSHOT\target\surefire\surefirebooter14899565375482046759.jar C:\Users\danii\OneDrive\Dokument\NetBeansProjects\com.mycompany_POS_jar_1.0-SNAPSHOT\target\surefire\surefire1952391977965933629tmp C:\Users\danii\OneDrive\Dokument\NetBeansProjects\com.mycompany_POS_jar_1.0-SNAPSHOT\target\surefire\surefire_011072410908536651988tmp

Host: AMD Ryzen 5 3500U with Radeon Vega Mobile Gfx  , 8 cores, 5G,  Windows 10 , 64 bit Build 19041 (10.0.19041.928)
Time: Mon May 17 17:25:07 2021 W. Europe Summer Time elapsed time: 0.026600 seconds (0d 0h 0m 0s)

---------------  T H R E A D  ---------------

Current thread (0x000001a7d5092290):  JavaThread "Unknown thread" [_thread_in_vm, id=63028, stack(0x0000009e3b200000,0x0000009e3b300000)]

Stack: [0x0000009e3b200000,0x0000009e3b300000]
Native frames: (J=compiled Java code, j=interpreted, Vv=VM code, C=native code)
V  [jvm.dll+0x62ae9a]
V  [jvm.dll+0x781389]
V  [jvm.dll+0x782ae3]
V  [jvm.dll+0x783143]
V  [jvm.dll+0x216265]
V  [jvm.dll+0x6281d9]
V  [jvm.dll+0x61cd15]
V  [jvm.dll+0x2d01fd]
V  [jvm.dll+0x2d0062]
V  [jvm.dll+0x2d603c]
V  [jvm.dll+0x325b2a]
V  [jvm.dll+0x3251f4]
V  [jvm.dll+0x2a717a]
V  [jvm.dll+0x2a8318]
V  [jvm.dll+0x75e101]
V  [jvm.dll+0x3343e4]
V  [jvm.dll+0x73e826]
V  [jvm.dll+0x3b7777]
V  [jvm.dll+0x3b9201]
C  [jli.dll+0x52fb]
C  [ucrtbase.dll+0x21bb2]
C  [KERNEL32.DLL+0x17034]
C  [ntdll.dll+0x52651]


---------------  P R O C E S S  ---------------

Threads class SMR info:
_java_thread_list=0x00007ff8ed684ff0, length=0, elements={
}

Java Threads: ( => current thread )

Other Threads:
  0x000001a7d50cb100 GCTaskThread "GC Thread#0" [stack: 0x0000009e3b300000,0x0000009e3b400000] [id=63072]
  0x000001a7d50d7e90 ConcurrentGCThread "G1 Main Marker" [stack: 0x0000009e3b400000,0x0000009e3b500000] [id=55920]
  0x000001a7d50d9220 ConcurrentGCThread "G1 Conc#0" [stack: 0x0000009e3b500000,0x0000009e3b600000] [id=63872]

[error occurred during error reporting (printing all threads), id 0xc0000005, EXCEPTION_ACCESS_VIOLATION (0xc0000005) at pc=0x00007ff8ece78047]

VM state: not at safepoint (not fully initialized)

VM Mutex/Monitor currently owned by a thread:  ([mutex/lock_event])
[0x000001a7d508f700] Heap_lock - owner thread: 0x000001a7d5092290

Heap address: 0x00000000a1e00000, size: 1506 MB, Compressed Oops mode: 32-bit
CDS archive(s) mapped at: [0x0000000000000000-0x0000000000000000-0x0000000000000000), size 0, SharedBaseAddress: 0x0000000800000000, ArchiveRelocationMode: 0.
Narrow klass base: 0x0000000000000000, Narrow klass shift: 0, Narrow klass range: 0x0

Heap:
 garbage-first heap   total 98304K, used 0K [0x00000000a1e00000, 0x0000000100000000)
  region size 1024K, 0 young (0K), 0 survivors (0K)
 Metaspace       used 0K, capacity 0K, committed 0K, reserved 0K
  class space    used 0K, capacity 0K, committed 0K, reserved 0K

Heap Regions: E=young(eden), S=young(survivor), O=old, HS=humongous(starts), HC=humongous(continues), CS=collection set, F=free, OA=open archive, CA=closed archive, TAMS=top-at-mark-start (previous, next)

Card table byte_map: [0x000001a7ee850000,0x000001a7eeb50000] _byte_map_base: 0x000001a7ee341000

Marking Bits (Prev, Next): (CMBitMap*) 0x000001a7d50cb8f0, (CMBitMap*) 0x000001a7d50cb930
 Prev Bits: [0x000001a7eee50000, 0x000001a7f05d8000)
 Next Bits: [0x000001a7f05e0000, 0x000001a7f1d68000)

GC Heap History (0 events):
No events

Deoptimization events (0 events):
No events

Classes unloaded (0 events):
No events

Classes redefined (0 events):
No events

Internal exceptions (0 events):
No events

Events (1 events):
Event: 0.011 Loaded shared library C:\Program Files\Java\jdk-15.0.1\bin\java.dll


Dynamic libraries:
0x00007ff70d210000 - 0x00007ff70d21f000 	C:\Program Files\Java\jdk-15.0.1\bin\java.exe
0x00007ff938fb0000 - 0x00007ff9391a5000 	C:\windows\SYSTEM32\ntdll.dll
0x00007ff937240000 - 0x00007ff9372fd000 	C:\windows\System32\KERNEL32.DLL
0x00007ff936950000 - 0x00007ff936c18000 	C:\windows\System32\KERNELBASE.dll
0x00007ff9366f0000 - 0x00007ff9367f0000 	C:\windows\System32\ucrtbase.dll
0x00007ff924970000 - 0x00007ff924989000 	C:\Program Files\Java\jdk-15.0.1\bin\VCRUNTIME140.dll
0x00007ff9262d0000 - 0x00007ff9262e8000 	C:\Program Files\Java\jdk-15.0.1\bin\jli.dll
0x00007ff937300000 - 0x00007ff9373ac000 	C:\windows\System32\ADVAPI32.dll
0x00007ff937c20000 - 0x00007ff937cbe000 	C:\windows\System32\msvcrt.dll
0x00007ff9371a0000 - 0x00007ff93723b000 	C:\windows\System32\sechost.dll
0x00007ff938290000 - 0x00007ff9383bb000 	C:\windows\System32\RPCRT4.dll
0x00007ff938dd0000 - 0x00007ff938f70000 	C:\windows\System32\USER32.dll
0x00007ff936ea0000 - 0x00007ff936ec2000 	C:\windows\System32\win32u.dll
0x00007ff9383c0000 - 0x00007ff9383ea000 	C:\windows\System32\GDI32.dll
0x00007ff91b5b0000 - 0x00007ff91b84a000 	C:\windows\WinSxS\amd64_microsoft.windows.common-controls_6595b64144ccf1df_6.0.19041.844_none_ca00b6081b84eb1d\COMCTL32.dll
0x00007ff9367f0000 - 0x00007ff9368fb000 	C:\windows\System32\gdi32full.dll
0x00007ff936ca0000 - 0x00007ff936d3d000 	C:\windows\System32\msvcp_win.dll
0x00007ff92ef30000 - 0x00007ff92ef3a000 	C:\windows\SYSTEM32\VERSION.dll
0x00007ff938da0000 - 0x00007ff938dd0000 	C:\windows\System32\IMM32.DLL
0x00007ff92ee50000 - 0x00007ff92ee5c000 	C:\Program Files\Java\jdk-15.0.1\bin\vcruntime140_1.dll
0x00007ff904000000 - 0x00007ff904091000 	C:\Program Files\Java\jdk-15.0.1\bin\msvcp140.dll
0x00007ff8ecbc0000 - 0x00007ff8ed71e000 	C:\Program Files\Java\jdk-15.0.1\bin\server\jvm.dll
0x00007ff938c10000 - 0x00007ff938c18000 	C:\windows\System32\PSAPI.DLL
0x00007ff92f0b0000 - 0x00007ff92f0b9000 	C:\windows\SYSTEM32\WSOCK32.dll
0x00007ff9241d0000 - 0x00007ff9241f7000 	C:\windows\SYSTEM32\WINMM.dll
0x00007ff937850000 - 0x00007ff9378bb000 	C:\windows\System32\WS2_32.dll
0x00007ff934fc0000 - 0x00007ff934fd2000 	C:\windows\SYSTEM32\kernel.appcore.dll
0x00007ff92eb40000 - 0x00007ff92eb4a000 	C:\Program Files\Java\jdk-15.0.1\bin\jimage.dll
0x00007ff926bb0000 - 0x00007ff926d94000 	C:\windows\SYSTEM32\DBGHELP.DLL
0x00007ff926b80000 - 0x00007ff926bac000 	C:\windows\SYSTEM32\dbgcore.DLL
0x00007ff936c20000 - 0x00007ff936ca0000 	C:\windows\System32\bcryptPrimitives.dll
0x00007ff924920000 - 0x00007ff924945000 	C:\Program Files\Java\jdk-15.0.1\bin\java.dll

dbghelp: loaded successfully - version: 4.0.5 - missing functions: none
symbol engine: initialized successfully - sym options: 0x614 - pdb path: .;C:\Program Files\Java\jdk-15.0.1\bin;C:\windows\SYSTEM32;C:\windows\WinSxS\amd64_microsoft.windows.common-controls_6595b64144ccf1df_6.0.19041.844_none_ca00b6081b84eb1d;C:\Program Files\Java\jdk-15.0.1\bin\server

VM Arguments:
java_command: C:\Users\danii\OneDrive\Dokument\NetBeansProjects\com.mycompany_POS_jar_1.0-SNAPSHOT\target\surefire\surefirebooter14899565375482046759.jar C:\Users\danii\OneDrive\Dokument\NetBeansProjects\com.mycompany_POS_jar_1.0-SNAPSHOT\target\surefire\surefire1952391977965933629tmp C:\Users\danii\OneDrive\Dokument\NetBeansProjects\com.mycompany_POS_jar_1.0-SNAPSHOT\target\surefire\surefire_011072410908536651988tmp
java_class_path (initial): C:\Users\danii\OneDrive\Dokument\NetBeansProjects\com.mycompany_POS_jar_1.0-SNAPSHOT\target\surefire\surefirebooter14899565375482046759.jar
Launcher Type: SUN_STANDARD

[Global flags]
     intx CICompilerCount                          = 4                                         {product} {ergonomic}
     uint ConcGCThreads                            = 2                                         {product} {ergonomic}
     uint G1ConcRefinementThreads                  = 8                                         {product} {ergonomic}
   size_t G1HeapRegionSize                         = 1048576                                   {product} {ergonomic}
    uintx GCDrainStackTargetSize                   = 64                                        {product} {ergonomic}
   size_t InitialHeapSize                          = 100663296                                 {product} {ergonomic}
   size_t MarkStackSize                            = 4194304                                   {product} {ergonomic}
   size_t MaxHeapSize                              = 1579155456                                {product} {ergonomic}
   size_t MinHeapDeltaBytes                        = 1048576                                   {product} {ergonomic}
   size_t MinHeapSize                              = 8388608                                   {product} {ergonomic}
    uintx NonNMethodCodeHeapSize                   = 5839372                                {pd product} {ergonomic}
    uintx NonProfiledCodeHeapSize                  = 122909434                              {pd product} {ergonomic}
    uintx ProfiledCodeHeapSize                     = 122909434                              {pd product} {ergonomic}
    uintx ReservedCodeCacheSize                    = 251658240                              {pd product} {ergonomic}
     bool SegmentedCodeCache                       = true                                      {product} {ergonomic}
   size_t SoftMaxHeapSize                          = 1579155456                             {manageable} {ergonomic}
     bool UseCompressedClassPointers               = true                                 {lp64_product} {ergonomic}
     bool UseCompressedOops                        = true                                 {lp64_product} {ergonomic}
     bool UseG1GC                                  = true                                      {product} {ergonomic}
     bool UseLargePagesIndividualAllocation        = false                                  {pd product} {ergonomic}

Logging:
Log output configuration:
 #0: stdout all=warning uptime,level,tags
 #1: stderr all=off uptime,level,tags

Environment Variables:
JAVA_HOME=C:\Program Files\Java\jdk-15.0.1
PATH=C:\Program Files (x86)\Common Files\Oracle\Java\javapath;C:\Program Files\Common Files\Oracle\Java\javapath;C:\windows\system32;C:\windows;C:\windows\System32\Wbem;C:\windows\System32\WindowsPowerShell\v1.0\;C:\windows\System32\OpenSSH\;C:\cygwin64;C:\Program Files\dotnet\;C:\Users\danii\AppData\Local\Microsoft\WindowsApps;C:\Users\danii\.dotnet\tools
USERNAME=danii
OS=Windows_NT
PROCESSOR_IDENTIFIER=AMD64 Family 23 Model 24 Stepping 1, AuthenticAMD



---------------  S Y S T E M  ---------------

OS:
 Windows 10 , 64 bit Build 19041 (10.0.19041.928)
OS uptime: 28 days 22:09 hours

CPU: total 8 (initial active 8) (8 cores per cpu, 2 threads per core) family 23 model 24 stepping 1 microcode 0x0, cmov, cx8, fxsr, mmx, sse, sse2, sse3, ssse3, sse4.1, sse4.2, popcnt, vzeroupper, avx, avx2, aes, clmul, 3dnowpref, lzcnt, sse4a, ht, tsc, tscinvbit, tscinv, bmi1, bmi2, adx, sha, fma, clflush, clflushopt

Memory: 4k page, system-wide physical 6020M (387M free)
TotalPageFile size 24452M (AvailPageFile size 10M)
current process WorkingSet (physical memory assigned to process): 10M, peak: 10M
current process commit charge ("private bytes"): 60M, peak: 156M

vm_info: Java HotSpot(TM) 64-Bit Server VM (15.0.1+9-18) for windows-amd64 JRE (15.0.1+9-18), built on Sep 15 2020 14:43:54 by "mach5one" with unknown MS VC++:1925

END.
